<?xml version="1.0" encoding="UTF-8"?>
<!-- Generated by org.testng.reporters.JUnitXMLReporter -->
<testsuite hostname="LAPTOP-RHH0K4EC" ignored="0" name="Test1" tests="7" failures="3" timestamp="30 Aug 2020 17:32:19 GMT" time="91.275" errors="0">
  <testcase name="loginTest" time="3.106" classname="com.intnetbanking.testcases.TC_logintest_001"/>
  <testcase name="loginTest" time="12.987" classname="com.intnetbanking.testcases.TC_DDTLogintest_002"/>
  <testcase name="loginTest" time="6.888" classname="com.intnetbanking.testcases.TC_DDTLogintest_002">
    <failure type="java.lang.AssertionError" message="expected [true] but found [false]">
      <![CDATA[java.lang.AssertionError: expected [true] but found [false]
at com.intnetbanking.testcases.TC_DDTLogintest_002.loginTest(TC_DDTLogintest_002.java:43)
... Removed 29 stack frames]]>
    </failure>
  </testcase> <!-- loginTest -->
  <testcase name="loginTest" time="6.083" classname="com.intnetbanking.testcases.TC_DDTLogintest_002">
    <failure type="java.lang.AssertionError" message="expected [true] but found [false]">
      <![CDATA[java.lang.AssertionError: expected [true] but found [false]
at com.intnetbanking.testcases.TC_DDTLogintest_002.loginTest(TC_DDTLogintest_002.java:43)
... Removed 29 stack frames]]>
    </failure>
  </testcase> <!-- loginTest -->
  <testcase name="loginTest" time="11.874" classname="com.intnetbanking.testcases.TC_DDTLogintest_002"/>
  <testcase name="loginTest" time="0.025" classname="com.intnetbanking.testcases.TC_DDTLogintest_002">
    <failure type="java.lang.IllegalArgumentException" message="Keys to send should be a not null CharSequence">
      <![CDATA[java.lang.IllegalArgumentException: Keys to send should be a not null CharSequence
at org.openqa.selenium.remote.RemoteWebElement.sendKeys(RemoteWebElement.java:97)
at com.intnetbanking.pageobject.loginpage.enteruserid(loginpage.java:16)
at com.intnetbanking.testcases.TC_DDTLogintest_002.loginTest(TC_DDTLogintest_002.java:30)
... Removed 25 stack frames]]>
    </failure>
  </testcase> <!-- loginTest -->
  <testcase name="AddCustomer" time="18.487" classname="com.intnetbanking.testcases.TC_AddCustomer_003"/>
</testsuite> <!-- Test1 -->
